Using pre-set license
Built from '2020.2/release' branch; Version is '2020.2.2f1 (068178b99f32) revision 426360'; Using compiler version '192528614'; Build Type 'Release'
OS: 'Windows 10 Home; OS build 19042.928; Version 2009; 64bit' Language: 'ko' Physical Memory: 16233 MB
BatchMode: 1, IsHumanControllingUs: 0, StartBugReporterOnCrash: 0, Is64bit: 1, IsPro: 0

 COMMAND LINE ARGUMENTS:
C:\Program Files\Unity\Hub\Editor\2020.2.2f1\Editor\Unity.exe
-adb2
-batchMode
-noUpm
-name
AssetImportWorker0
-projectPath
C:/Users/m1209/Documents/2DGame
-logFile
Logs/AssetImportWorker0.log
-srvPort
62592
Successfully changed project path to: C:/Users/m1209/Documents/2DGame
C:/Users/m1209/Documents/2DGame
Using Asset Import Pipeline V2.
Refreshing native plugins compatible for Editor in 42.21 ms, found 2 plugins.
Preloading 0 native plugins for Editor in 0.00 ms.
Initialize engine version: 2020.2.2f1 (068178b99f32)
[Subsystems] Discovering subsystems at path C:/Program Files/Unity/Hub/Editor/2020.2.2f1/Editor/Data/Resources/UnitySubsystems
[Subsystems] Discovering subsystems at path C:/Users/m1209/Documents/2DGame/Assets
GfxDevice: creating device client; threaded=0
Direct3D:
    Version:  Direct3D 11.0 [level 11.1]
    Renderer: NVIDIA GeForce GTX 1660 Ti (ID=0x2191)
    Vendor:   
    VRAM:     5991 MB
    Driver:   27.21.14.5763
Initialize mono
Mono path[0] = 'C:/Program Files/Unity/Hub/Editor/2020.2.2f1/Editor/Data/Managed'
Mono path[1] = 'C:/Program Files/Unity/Hub/Editor/2020.2.2f1/Editor/Data/MonoBleedingEdge/lib/mono/unityjit'
Mono config path = 'C:/Program Files/Unity/Hub/Editor/2020.2.2f1/Editor/Data/MonoBleedingEdge/etc'
Using monoOptions --debugger-agent=transport=dt_socket,embedding=1,server=y,suspend=n,address=127.0.0.1:56220
Begin MonoManager ReloadAssembly
Registering precompiled unity dll's ...
Register platform support module: C:/Program Files/Unity/Hub/Editor/2020.2.2f1/Editor/Data/PlaybackEngines/WindowsStandaloneSupport/UnityEditor.WindowsStandalone.Extensions.dll
Registered in 0.001973 seconds.
Native extension for WindowsStandalone target not found
Refreshing native plugins compatible for Editor in 56.44 ms, found 2 plugins.
Preloading 0 native plugins for Editor in 0.00 ms.
Invoked RoslynAnalysisRunner static constructor.
RoslynAnalysisRunner will not be running.
RoslynAnalysisRunner has terminated.
Mono: successfully reloaded assembly
- Completed reload, in  2.209 seconds
Platform modules already initialized, skipping
Registering precompiled user dll's ...
Registered in 0.010639 seconds.
Begin MonoManager ReloadAssembly
Native extension for WindowsStandalone target not found
Refreshing native plugins compatible for Editor in 37.14 ms, found 2 plugins.
Preloading 0 native plugins for Editor in 0.00 ms.
Invoked RoslynAnalysisRunner static constructor.
RoslynAnalysisRunner will not be running.
RoslynAnalysisRunner has terminated.
Mono: successfully reloaded assembly
- Completed reload, in  1.176 seconds
Platform modules already initialized, skipping
========================================================================
Worker process is ready to serve import requests
Launched and connected shader compiler UnityShaderCompiler.exe after 0.06 seconds
Refreshing native plugins compatible for Editor in 0.49 ms, found 2 plugins.
Preloading 0 native plugins for Editor in 0.00 ms.
Unloading 1809 Unused Serialized files (Serialized files now loaded: 0)
System memory in use before: 85.3 MB.
System memory in use after: 85.3 MB.

Unloading 40 unused Assets to reduce memory usage. Loaded Objects now: 2319.
Total: 3.292100 ms (FindLiveObjects: 0.731400 ms CreateObjectMapping: 0.355000 ms MarkObjects: 2.035000 ms  DeleteObjects: 0.169500 ms)

========================================================================
Received Import Request.
  path: Assets/Art/Enemies/Enemies_Death/ChomperDEATH_Paint_05.png
  artifactKey: Guid(ee2f80b0439642e48af013f9e380b91a) Importer(815301076,1909f56bfc062723c751e8b465ee728b)
Start importing Assets/Art/Enemies/Enemies_Death/ChomperDEATH_Paint_05.png using Guid(ee2f80b0439642e48af013f9e380b91a) Importer(815301076,1909f56bfc062723c751e8b465ee728b)  -> (artifact id: '31b7e24b6202b6413085c39a879fdeac') in 0.099504 seconds
  Import took 0.104094 seconds .

========================================================================
Received Import Request.
  Time since last request: 0.000317 seconds.
  path: Assets/Art/Enemies/Enemies_Death/ChomperDEATH_Paint_07.png
  artifactKey: Guid(db5e5b1a304a8e74c9f45ddfbdb1533a) Importer(815301076,1909f56bfc062723c751e8b465ee728b)
Start importing Assets/Art/Enemies/Enemies_Death/ChomperDEATH_Paint_07.png using Guid(db5e5b1a304a8e74c9f45ddfbdb1533a) Importer(815301076,1909f56bfc062723c751e8b465ee728b)  -> (artifact id: 'f4065961abe22f9eb27e5f567ebb6256') in 0.012283 seconds
  Import took 0.014731 seconds .

========================================================================
Received Import Request.
  Time since last request: 0.000328 seconds.
  path: Assets/Art/Enemies/Enemies_Death/ChomperDEATH_Paint_03.png
  artifactKey: Guid(8cf995c3e47267c41a3a6c477b5c8228) Importer(815301076,1909f56bfc062723c751e8b465ee728b)
Start importing Assets/Art/Enemies/Enemies_Death/ChomperDEATH_Paint_03.png using Guid(8cf995c3e47267c41a3a6c477b5c8228) Importer(815301076,1909f56bfc062723c751e8b465ee728b)  -> (artifact id: 'd54dd28f168867c683a0024eeedf35f5') in 0.009933 seconds
  Import took 0.012672 seconds .

========================================================================
Received Prepare
Registering precompiled user dll's ...
Registered in 0.009630 seconds.
Begin MonoManager ReloadAssembly
Native extension for WindowsStandalone target not found
Refreshing native plugins compatible for Editor in 0.42 ms, found 2 plugins.
Preloading 0 native plugins for Editor in 0.00 ms.
Invoked RoslynAnalysisRunner static constructor.
RoslynAnalysisRunner will not be running.
RoslynAnalysisRunner has terminated.
Mono: successfully reloaded assembly
- Completed reload, in  0.898 seconds
Platform modules already initialized, skipping
Refreshing native plugins compatible for Editor in 0.41 ms, found 2 plugins.
Preloading 0 native plugins for Editor in 0.00 ms.
Unloading 1804 Unused Serialized files (Serialized files now loaded: 0)
System memory in use before: 88.5 MB.
System memory in use after: 88.5 MB.

Unloading 28 unused Assets to reduce memory usage. Loaded Objects now: 2328.
Total: 2.692600 ms (FindLiveObjects: 0.259900 ms CreateObjectMapping: 0.062000 ms MarkObjects: 2.227500 ms  DeleteObjects: 0.142200 ms)

========================================================================
Received Import Request.
  Time since last request: 4463.285818 seconds.
  path: Assets/Ani/Player.controller
  artifactKey: Guid(c98130df074322449903d2188f70f3f1) Importer(815301076,1909f56bfc062723c751e8b465ee728b)
Start importing Assets/Ani/Player.controller using Guid(c98130df074322449903d2188f70f3f1) Importer(815301076,1909f56bfc062723c751e8b465ee728b)  -> (artifact id: '135f3824d98749103f45fb4ad994c20e') in 0.036779 seconds
  Import took 0.041169 seconds .

========================================================================
Received Import Request.
  Time since last request: 634.774531 seconds.
  path: ProjectSettings/TagManager.asset
  artifactKey: Guid(00000000000000003000000000000000) Importer(815301076,1909f56bfc062723c751e8b465ee728b)
Start importing ProjectSettings/TagManager.asset using Guid(00000000000000003000000000000000) Importer(815301076,1909f56bfc062723c751e8b465ee728b)  -> (artifact id: '194e99044ddec731e6ba47b816408d5b') in 0.008380 seconds
  Import took 0.011858 seconds .

========================================================================
Received Import Request.
  Time since last request: 1049.985050 seconds.
  path: Assets/Art/Enemies/Enemies_Walk/ChomperWalk_00001.png
  artifactKey: Guid(9f634ff8edc280740abaa13afe977028) Importer(815301076,1909f56bfc062723c751e8b465ee728b)
Start importing Assets/Art/Enemies/Enemies_Walk/ChomperWalk_00001.png using Guid(9f634ff8edc280740abaa13afe977028) Importer(815301076,1909f56bfc062723c751e8b465ee728b)  -> (artifact id: 'd4cbf109ba0c144161d669d90161bc6f') in 0.060539 seconds
  Import took 0.067121 seconds .

========================================================================
Received Import Request.
  Time since last request: 26.320083 seconds.
  path: Assets/Art/Enemies/Enemies_Death/ChomperDEATH_Paint_01.png
  artifactKey: Guid(d78ebfb85b4f15c44a26ee2a2c519c17) Importer(815301076,1909f56bfc062723c751e8b465ee728b)
Start importing Assets/Art/Enemies/Enemies_Death/ChomperDEATH_Paint_01.png using Guid(d78ebfb85b4f15c44a26ee2a2c519c17) Importer(815301076,1909f56bfc062723c751e8b465ee728b)  -> (artifact id: '23111c502423566f2e457b9eb86ef626') in 0.011869 seconds
  Import took 0.016071 seconds .

========================================================================
Received Import Request.
  Time since last request: 29.119038 seconds.
  path: Assets/Ani/ChomperDEATH_Paint_01.controller
  artifactKey: Guid(23e3fcbc3f0a14b478911793ec0af0c3) Importer(815301076,1909f56bfc062723c751e8b465ee728b)
Start importing Assets/Ani/ChomperDEATH_Paint_01.controller using Guid(23e3fcbc3f0a14b478911793ec0af0c3) Importer(815301076,1909f56bfc062723c751e8b465ee728b)  -> (artifact id: 'b26c8c374010d70d0c04a48a4e269b8c') in 0.002284 seconds
  Import took 0.005580 seconds .

========================================================================
Received Import Request.
  Time since last request: 0.000612 seconds.
  path: Assets/Ani/ChomperDEATH_Paint_01.controller
  artifactKey: Guid(23e3fcbc3f0a14b478911793ec0af0c3) Importer(815301076,1909f56bfc062723c751e8b465ee728b)
Start importing Assets/Ani/ChomperDEATH_Paint_01.controller using Guid(23e3fcbc3f0a14b478911793ec0af0c3) Importer(815301076,1909f56bfc062723c751e8b465ee728b)  -> (artifact id: 'b26c8c374010d70d0c04a48a4e269b8c') in 0.002346 seconds
  Import took 0.005936 seconds .

========================================================================
Received Import Request.
  Time since last request: 21.419798 seconds.
  path: Assets/Ani/ChomperWalk_00001.controller
  artifactKey: Guid(6c23387c8c7a3244db6de7f90b5b2ed2) Importer(815301076,1909f56bfc062723c751e8b465ee728b)
Start importing Assets/Ani/ChomperWalk_00001.controller using Guid(6c23387c8c7a3244db6de7f90b5b2ed2) Importer(815301076,1909f56bfc062723c751e8b465ee728b)  -> (artifact id: '728f49cb79e880058a78013aaaf866ac') in 0.002299 seconds
  Import took 0.005182 seconds .

========================================================================
Received Import Request.
  Time since last request: 0.001916 seconds.
  path: Assets/Ani/ChomperWalk_00001.controller
  artifactKey: Guid(6c23387c8c7a3244db6de7f90b5b2ed2) Importer(815301076,1909f56bfc062723c751e8b465ee728b)
Start importing Assets/Ani/ChomperWalk_00001.controller using Guid(6c23387c8c7a3244db6de7f90b5b2ed2) Importer(815301076,1909f56bfc062723c751e8b465ee728b)  -> (artifact id: '728f49cb79e880058a78013aaaf866ac') in 0.002567 seconds
  Import took 0.005976 seconds .

========================================================================
Received Import Request.
  Time since last request: 101.119660 seconds.
  path: Assets/Ani/EnemyWalk.anim
  artifactKey: Guid(2ce0940b850bb244da823623a06e704d) Importer(815301076,1909f56bfc062723c751e8b465ee728b)
Start importing Assets/Ani/EnemyWalk.anim using Guid(2ce0940b850bb244da823623a06e704d) Importer(815301076,1909f56bfc062723c751e8b465ee728b)  -> (artifact id: '57d48230ca33ce0836875845646b9aff') in 0.008077 seconds
  Import took 0.014207 seconds .

========================================================================
Received Import Request.
  Time since last request: 0.002665 seconds.
  path: Assets/Ani/EnemyWalk.anim
  artifactKey: Guid(2ce0940b850bb244da823623a06e704d) Importer(815301076,1909f56bfc062723c751e8b465ee728b)
Start importing Assets/Ani/EnemyWalk.anim using Guid(2ce0940b850bb244da823623a06e704d) Importer(815301076,1909f56bfc062723c751e8b465ee728b)  -> (artifact id: '57d48230ca33ce0836875845646b9aff') in 0.002061 seconds
  Import took 0.005669 seconds .

========================================================================
Received Import Request.
  Time since last request: 26.258734 seconds.
  path: Assets/Ani/Enemy.controller
  artifactKey: Guid(f1bef1fa2df15dc4b9c0011a056dcfb5) Importer(815301076,1909f56bfc062723c751e8b465ee728b)
Start importing Assets/Ani/Enemy.controller using Guid(f1bef1fa2df15dc4b9c0011a056dcfb5) Importer(815301076,1909f56bfc062723c751e8b465ee728b)  -> (artifact id: '7092936b3b09180609c46b2c30b4cc4f') in 0.006417 seconds
  Import took 0.011802 seconds .

========================================================================
Received Import Request.
  Time since last request: 0.003951 seconds.
  path: Assets/Ani/Enemy.controller
  artifactKey: Guid(f1bef1fa2df15dc4b9c0011a056dcfb5) Importer(815301076,1909f56bfc062723c751e8b465ee728b)
Start importing Assets/Ani/Enemy.controller using Guid(f1bef1fa2df15dc4b9c0011a056dcfb5) Importer(815301076,1909f56bfc062723c751e8b465ee728b)  -> (artifact id: '7092936b3b09180609c46b2c30b4cc4f') in 0.002849 seconds
  Import took 0.007782 seconds .

========================================================================
Received Prepare
Registering precompiled user dll's ...
Registered in 0.008170 seconds.
Begin MonoManager ReloadAssembly
Native extension for WindowsStandalone target not found
Refreshing native plugins compatible for Editor in 0.41 ms, found 2 plugins.
Preloading 0 native plugins for Editor in 0.00 ms.
Invoked RoslynAnalysisRunner static constructor.
RoslynAnalysisRunner will not be running.
RoslynAnalysisRunner has terminated.
Mono: successfully reloaded assembly
- Completed reload, in  0.975 seconds
Platform modules already initialized, skipping
Refreshing native plugins compatible for Editor in 0.41 ms, found 2 plugins.
Preloading 0 native plugins for Editor in 0.00 ms.
Unloading 1804 Unused Serialized files (Serialized files now loaded: 0)
System memory in use before: 88.6 MB.
System memory in use after: 88.6 MB.

Unloading 29 unused Assets to reduce memory usage. Loaded Objects now: 2332.
Total: 2.177600 ms (FindLiveObjects: 0.215200 ms CreateObjectMapping: 0.053600 ms MarkObjects: 1.768800 ms  DeleteObjects: 0.139200 ms)

========================================================================
Received Prepare
Registering precompiled user dll's ...
Registered in 0.009827 seconds.
Begin MonoManager ReloadAssembly
Native extension for WindowsStandalone target not found
Refreshing native plugins compatible for Editor in 0.50 ms, found 2 plugins.
Preloading 0 native plugins for Editor in 0.00 ms.
Invoked RoslynAnalysisRunner static constructor.
RoslynAnalysisRunner will not be running.
RoslynAnalysisRunner has terminated.
Mono: successfully reloaded assembly
- Completed reload, in  1.078 seconds
Platform modules already initialized, skipping
Refreshing native plugins compatible for Editor in 0.45 ms, found 2 plugins.
Preloading 0 native plugins for Editor in 0.00 ms.
Unloading 1804 Unused Serialized files (Serialized files now loaded: 0)
System memory in use before: 88.7 MB.
System memory in use after: 88.7 MB.

Unloading 28 unused Assets to reduce memory usage. Loaded Objects now: 2335.
Total: 2.653700 ms (FindLiveObjects: 0.526000 ms CreateObjectMapping: 0.140600 ms MarkObjects: 1.824400 ms  DeleteObjects: 0.161800 ms)

========================================================================
Received Prepare
Registering precompiled user dll's ...
Registered in 0.007656 seconds.
Begin MonoManager ReloadAssembly
Native extension for WindowsStandalone target not found
Refreshing native plugins compatible for Editor in 0.81 ms, found 2 plugins.
Preloading 0 native plugins for Editor in 0.00 ms.
Invoked RoslynAnalysisRunner static constructor.
RoslynAnalysisRunner will not be running.
RoslynAnalysisRunner has terminated.
Mono: successfully reloaded assembly
- Completed reload, in  1.119 seconds
Platform modules already initialized, skipping
Refreshing native plugins compatible for Editor in 0.42 ms, found 2 plugins.
Preloading 0 native plugins for Editor in 0.00 ms.
Unloading 1804 Unused Serialized files (Serialized files now loaded: 0)
System memory in use before: 88.8 MB.
System memory in use after: 88.8 MB.

Unloading 28 unused Assets to reduce memory usage. Loaded Objects now: 2338.
Total: 2.680700 ms (FindLiveObjects: 0.336100 ms CreateObjectMapping: 0.088700 ms MarkObjects: 2.146300 ms  DeleteObjects: 0.107900 ms)

========================================================================
Received Prepare
Registering precompiled user dll's ...
Registered in 0.009978 seconds.
Begin MonoManager ReloadAssembly
Native extension for WindowsStandalone target not found
Refreshing native plugins compatible for Editor in 0.44 ms, found 2 plugins.
Preloading 0 native plugins for Editor in 0.00 ms.
Invoked RoslynAnalysisRunner static constructor.
RoslynAnalysisRunner will not be running.
RoslynAnalysisRunner has terminated.
Mono: successfully reloaded assembly
- Completed reload, in  1.193 seconds
Platform modules already initialized, skipping
Refreshing native plugins compatible for Editor in 0.42 ms, found 2 plugins.
Preloading 0 native plugins for Editor in 0.00 ms.
Unloading 1804 Unused Serialized files (Serialized files now loaded: 0)
System memory in use before: 88.9 MB.
System memory in use after: 88.9 MB.

Unloading 28 unused Assets to reduce memory usage. Loaded Objects now: 2341.
Total: 2.132700 ms (FindLiveObjects: 0.205600 ms CreateObjectMapping: 0.064700 ms MarkObjects: 1.765400 ms  DeleteObjects: 0.095900 ms)

========================================================================
Received Prepare
Registering precompiled user dll's ...
Registered in 0.007352 seconds.
Begin MonoManager ReloadAssembly
Native extension for WindowsStandalone target not found
Refreshing native plugins compatible for Editor in 0.60 ms, found 2 plugins.
Preloading 0 native plugins for Editor in 0.00 ms.
Invoked RoslynAnalysisRunner static constructor.
RoslynAnalysisRunner will not be running.
RoslynAnalysisRunner has terminated.
Mono: successfully reloaded assembly
- Completed reload, in  0.995 seconds
Platform modules already initialized, skipping
Refreshing native plugins compatible for Editor in 0.49 ms, found 2 plugins.
Preloading 0 native plugins for Editor in 0.00 ms.
Unloading 1804 Unused Serialized files (Serialized files now loaded: 0)
System memory in use before: 89.0 MB.
System memory in use after: 89.0 MB.

Unloading 28 unused Assets to reduce memory usage. Loaded Objects now: 2344.
Total: 2.845500 ms (FindLiveObjects: 0.177300 ms CreateObjectMapping: 0.098700 ms MarkObjects: 2.455700 ms  DeleteObjects: 0.112700 ms)

========================================================================
Received Prepare
Registering precompiled user dll's ...
Registered in 0.007835 seconds.
Begin MonoManager ReloadAssembly
Native extension for WindowsStandalone target not found
Refreshing native plugins compatible for Editor in 0.47 ms, found 2 plugins.
Preloading 0 native plugins for Editor in 0.00 ms.
Invoked RoslynAnalysisRunner static constructor.
RoslynAnalysisRunner will not be running.
RoslynAnalysisRunner has terminated.
Mono: successfully reloaded assembly
- Completed reload, in  0.938 seconds
Platform modules already initialized, skipping
Refreshing native plugins compatible for Editor in 0.63 ms, found 2 plugins.
Preloading 0 native plugins for Editor in 0.00 ms.
Unloading 1804 Unused Serialized files (Serialized files now loaded: 0)
System memory in use before: 89.1 MB.
System memory in use after: 89.1 MB.

Unloading 28 unused Assets to reduce memory usage. Loaded Objects now: 2347.
Total: 3.152400 ms (FindLiveObjects: 0.209800 ms CreateObjectMapping: 0.069500 ms MarkObjects: 2.720300 ms  DeleteObjects: 0.151500 ms)

========================================================================
Received Prepare
Registering precompiled user dll's ...
Registered in 0.008415 seconds.
Begin MonoManager ReloadAssembly
Native extension for WindowsStandalone target not found
Refreshing native plugins compatible for Editor in 0.43 ms, found 2 plugins.
Preloading 0 native plugins for Editor in 0.00 ms.
Invoked RoslynAnalysisRunner static constructor.
RoslynAnalysisRunner will not be running.
RoslynAnalysisRunner has terminated.
Mono: successfully reloaded assembly
- Completed reload, in  1.004 seconds
Platform modules already initialized, skipping
Refreshing native plugins compatible for Editor in 0.59 ms, found 2 plugins.
Preloading 0 native plugins for Editor in 0.00 ms.
Unloading 1804 Unused Serialized files (Serialized files now loaded: 0)
System memory in use before: 89.2 MB.
System memory in use after: 89.2 MB.

Unloading 28 unused Assets to reduce memory usage. Loaded Objects now: 2350.
Total: 2.520100 ms (FindLiveObjects: 0.446900 ms CreateObjectMapping: 0.132100 ms MarkObjects: 1.782700 ms  DeleteObjects: 0.157400 ms)

========================================================================
Received Prepare
Registering precompiled user dll's ...
Registered in 0.008101 seconds.
Begin MonoManager ReloadAssembly
Native extension for WindowsStandalone target not found
Refreshing native plugins compatible for Editor in 0.42 ms, found 2 plugins.
Preloading 0 native plugins for Editor in 0.00 ms.
Invoked RoslynAnalysisRunner static constructor.
RoslynAnalysisRunner will not be running.
RoslynAnalysisRunner has terminated.
Mono: successfully reloaded assembly
- Completed reload, in  1.029 seconds
Platform modules already initialized, skipping
Refreshing native plugins compatible for Editor in 0.61 ms, found 2 plugins.
Preloading 0 native plugins for Editor in 0.00 ms.
Unloading 1804 Unused Serialized files (Serialized files now loaded: 0)
System memory in use before: 89.2 MB.
System memory in use after: 89.2 MB.

Unloading 28 unused Assets to reduce memory usage. Loaded Objects now: 2353.
Total: 2.895500 ms (FindLiveObjects: 0.370800 ms CreateObjectMapping: 0.070900 ms MarkObjects: 2.309600 ms  DeleteObjects: 0.142600 ms)

========================================================================
Received Prepare
Registering precompiled user dll's ...
Registered in 0.008486 seconds.
Begin MonoManager ReloadAssembly
Native extension for WindowsStandalone target not found
Refreshing native plugins compatible for Editor in 0.43 ms, found 2 plugins.
Preloading 0 native plugins for Editor in 0.00 ms.
Invoked RoslynAnalysisRunner static constructor.
RoslynAnalysisRunner will not be running.
RoslynAnalysisRunner has terminated.
Mono: successfully reloaded assembly
- Completed reload, in  1.128 seconds
Platform modules already initialized, skipping
Refreshing native plugins compatible for Editor in 0.53 ms, found 2 plugins.
Preloading 0 native plugins for Editor in 0.00 ms.
Unloading 1804 Unused Serialized files (Serialized files now loaded: 0)
System memory in use before: 89.3 MB.
System memory in use after: 89.3 MB.

Unloading 28 unused Assets to reduce memory usage. Loaded Objects now: 2356.
Total: 2.564000 ms (FindLiveObjects: 0.327800 ms CreateObjectMapping: 0.143200 ms MarkObjects: 1.869300 ms  DeleteObjects: 0.222600 ms)

========================================================================
Received Prepare
Registering precompiled user dll's ...
Registered in 0.009566 seconds.
Begin MonoManager ReloadAssembly
Native extension for WindowsStandalone target not found
Refreshing native plugins compatible for Editor in 0.45 ms, found 2 plugins.
Preloading 0 native plugins for Editor in 0.00 ms.
Invoked RoslynAnalysisRunner static constructor.
RoslynAnalysisRunner will not be running.
RoslynAnalysisRunner has terminated.
Mono: successfully reloaded assembly
- Completed reload, in  0.929 seconds
Platform modules already initialized, skipping
Refreshing native plugins compatible for Editor in 0.41 ms, found 2 plugins.
Preloading 0 native plugins for Editor in 0.00 ms.
Unloading 1804 Unused Serialized files (Serialized files now loaded: 0)
System memory in use before: 89.4 MB.
System memory in use after: 89.4 MB.

Unloading 28 unused Assets to reduce memory usage. Loaded Objects now: 2359.
Total: 2.078600 ms (FindLiveObjects: 0.246500 ms CreateObjectMapping: 0.086000 ms MarkObjects: 1.648900 ms  DeleteObjects: 0.096500 ms)

========================================================================
Received Prepare
Registering precompiled user dll's ...
Registered in 0.009404 seconds.
Begin MonoManager ReloadAssembly
Native extension for WindowsStandalone target not found
Refreshing native plugins compatible for Editor in 0.64 ms, found 2 plugins.
Preloading 0 native plugins for Editor in 0.00 ms.
Invoked RoslynAnalysisRunner static constructor.
RoslynAnalysisRunner will not be running.
RoslynAnalysisRunner has terminated.
Mono: successfully reloaded assembly
- Completed reload, in  1.048 seconds
Platform modules already initialized, skipping
Refreshing native plugins compatible for Editor in 0.93 ms, found 2 plugins.
Preloading 0 native plugins for Editor in 0.00 ms.
Unloading 1804 Unused Serialized files (Serialized files now loaded: 0)
System memory in use before: 89.5 MB.
System memory in use after: 89.5 MB.

Unloading 28 unused Assets to reduce memory usage. Loaded Objects now: 2362.
Total: 3.462700 ms (FindLiveObjects: 0.482600 ms CreateObjectMapping: 0.163900 ms MarkObjects: 2.708100 ms  DeleteObjects: 0.106700 ms)

========================================================================
Received Prepare
Registering precompiled user dll's ...
Registered in 0.011067 seconds.
Begin MonoManager ReloadAssembly
Native extension for WindowsStandalone target not found
Refreshing native plugins compatible for Editor in 0.73 ms, found 2 plugins.
Preloading 0 native plugins for Editor in 0.00 ms.
Invoked RoslynAnalysisRunner static constructor.
RoslynAnalysisRunner will not be running.
RoslynAnalysisRunner has terminated.
Mono: successfully reloaded assembly
- Completed reload, in  1.164 seconds
Platform modules already initialized, skipping
Refreshing native plugins compatible for Editor in 0.58 ms, found 2 plugins.
Preloading 0 native plugins for Editor in 0.00 ms.
Unloading 1804 Unused Serialized files (Serialized files now loaded: 0)
System memory in use before: 89.6 MB.
System memory in use after: 89.6 MB.

Unloading 28 unused Assets to reduce memory usage. Loaded Objects now: 2365.
Total: 3.213900 ms (FindLiveObjects: 0.339300 ms CreateObjectMapping: 0.092700 ms MarkObjects: 2.643600 ms  DeleteObjects: 0.137300 ms)

========================================================================
Received Prepare
Registering precompiled user dll's ...
Registered in 0.009047 seconds.
Begin MonoManager ReloadAssembly
Native extension for WindowsStandalone target not found
Refreshing native plugins compatible for Editor in 0.44 ms, found 2 plugins.
Preloading 0 native plugins for Editor in 0.00 ms.
Invoked RoslynAnalysisRunner static constructor.
RoslynAnalysisRunner will not be running.
RoslynAnalysisRunner has terminated.
Mono: successfully reloaded assembly
- Completed reload, in  1.161 seconds
Platform modules already initialized, skipping
Refreshing native plugins compatible for Editor in 0.73 ms, found 2 plugins.
Preloading 0 native plugins for Editor in 0.00 ms.
Unloading 1804 Unused Serialized files (Serialized files now loaded: 0)
System memory in use before: 89.7 MB.
System memory in use after: 89.7 MB.

Unloading 28 unused Assets to reduce memory usage. Loaded Objects now: 2368.
Total: 2.505700 ms (FindLiveObjects: 0.286800 ms CreateObjectMapping: 0.081200 ms MarkObjects: 1.994000 ms  DeleteObjects: 0.143000 ms)

========================================================================
Received Import Request.
  Time since last request: 1449.083985 seconds.
  path: Assets/Sound
  artifactKey: Guid(d3d84da9c9e05f9469647bb49c9da638) Importer(815301076,1909f56bfc062723c751e8b465ee728b)
Start importing Assets/Sound using Guid(d3d84da9c9e05f9469647bb49c9da638) Importer(815301076,1909f56bfc062723c751e8b465ee728b)  -> (artifact id: '9fa553cd3e4c1b8773b3682e887330ca') in 0.006507 seconds
  Import took 0.009657 seconds .

========================================================================
Received Import Request.
  Time since last request: 5.127339 seconds.
  path: Assets/Sound/RangedAttack.ogg
  artifactKey: Guid(f75cf04403315c94eb37d54e7b27fcb9) Importer(815301076,1909f56bfc062723c751e8b465ee728b)
Start importing Assets/Sound/RangedAttack.ogg using Guid(f75cf04403315c94eb37d54e7b27fcb9) Importer(815301076,1909f56bfc062723c751e8b465ee728b)  -> (artifact id: '50d745d472b86062c5a6127e2065dbb2') in 0.102121 seconds
  Import took 0.105957 seconds .

========================================================================
Received Prepare
Registering precompiled user dll's ...
Registered in 0.008173 seconds.
Begin MonoManager ReloadAssembly
Native extension for WindowsStandalone target not found
Refreshing native plugins compatible for Editor in 0.43 ms, found 2 plugins.
Preloading 0 native plugins for Editor in 0.00 ms.
Invoked RoslynAnalysisRunner static constructor.
RoslynAnalysisRunner will not be running.
RoslynAnalysisRunner has terminated.
Mono: successfully reloaded assembly
- Completed reload, in  1.161 seconds
Platform modules already initialized, skipping
Refreshing native plugins compatible for Editor in 0.58 ms, found 2 plugins.
Preloading 0 native plugins for Editor in 0.00 ms.
Unloading 1804 Unused Serialized files (Serialized files now loaded: 0)
System memory in use before: 89.8 MB.
System memory in use after: 89.8 MB.

Unloading 28 unused Assets to reduce memory usage. Loaded Objects now: 2378.
Total: 2.916200 ms (FindLiveObjects: 0.351100 ms CreateObjectMapping: 0.200700 ms MarkObjects: 2.260700 ms  DeleteObjects: 0.102800 ms)

========================================================================
Received Import Request.
  Time since last request: 224.520112 seconds.
  path: Assets/Sound/AudioMixer.mixer
  artifactKey: Guid(e9da06b1b5448ef43a734966ea7eb3b3) Importer(815301076,1909f56bfc062723c751e8b465ee728b)
Start importing Assets/Sound/AudioMixer.mixer using Guid(e9da06b1b5448ef43a734966ea7eb3b3) Importer(815301076,1909f56bfc062723c751e8b465ee728b)  -> (artifact id: 'f5d5f73a0ed634fe63acdc82fe9507b9') in 0.020365 seconds
  Import took 0.024238 seconds .

========================================================================
Received Import Request.
  Time since last request: 30.517376 seconds.
  path: Assets/Sound/AudioMixer.mixer
  artifactKey: Guid(e9da06b1b5448ef43a734966ea7eb3b3) Importer(815301076,1909f56bfc062723c751e8b465ee728b)
Start importing Assets/Sound/AudioMixer.mixer using Guid(e9da06b1b5448ef43a734966ea7eb3b3) Importer(815301076,1909f56bfc062723c751e8b465ee728b)  -> (artifact id: '8ad46f40737d953ef76e4d3cd502c5fd') in 0.002214 seconds
  Import took 0.005166 seconds .

========================================================================
Received Import Request.
  Time since last request: 0.078775 seconds.
  path: Assets/Sound/AudioMixer.mixer
  artifactKey: Guid(e9da06b1b5448ef43a734966ea7eb3b3) Importer(815301076,1909f56bfc062723c751e8b465ee728b)
Start importing Assets/Sound/AudioMixer.mixer using Guid(e9da06b1b5448ef43a734966ea7eb3b3) Importer(815301076,1909f56bfc062723c751e8b465ee728b)  -> (artifact id: '8ad46f40737d953ef76e4d3cd502c5fd') in 0.003888 seconds
  Import took 0.007884 seconds .

========================================================================
Received Import Request.
  Time since last request: 11.950692 seconds.
  path: Assets/Sound/AudioMixer.mixer
  artifactKey: Guid(e9da06b1b5448ef43a734966ea7eb3b3) Importer(815301076,1909f56bfc062723c751e8b465ee728b)
Start importing Assets/Sound/AudioMixer.mixer using Guid(e9da06b1b5448ef43a734966ea7eb3b3) Importer(815301076,1909f56bfc062723c751e8b465ee728b)  -> (artifact id: 'da5581e5780ca7dd9ccb1f5ee3ec1afc') in 0.002912 seconds
  Import took 0.006660 seconds .

========================================================================
Received Import Request.
  Time since last request: 2.604468 seconds.
  path: Assets/Sound/AudioMixer.mixer
  artifactKey: Guid(e9da06b1b5448ef43a734966ea7eb3b3) Importer(815301076,1909f56bfc062723c751e8b465ee728b)
Start importing Assets/Sound/AudioMixer.mixer using Guid(e9da06b1b5448ef43a734966ea7eb3b3) Importer(815301076,1909f56bfc062723c751e8b465ee728b)  -> (artifact id: '9292d76396fa5bfcddaf58a612f532b5') in 0.001976 seconds
  Import took 0.004925 seconds .

========================================================================
Received Import Request.
  Time since last request: 0.023826 seconds.
  path: Assets/Sound/AudioMixer.mixer
  artifactKey: Guid(e9da06b1b5448ef43a734966ea7eb3b3) Importer(815301076,1909f56bfc062723c751e8b465ee728b)
Start importing Assets/Sound/AudioMixer.mixer using Guid(e9da06b1b5448ef43a734966ea7eb3b3) Importer(815301076,1909f56bfc062723c751e8b465ee728b)  -> (artifact id: '9292d76396fa5bfcddaf58a612f532b5') in 0.003374 seconds
  Import took 0.006554 seconds .

========================================================================
Received Import Request.
  Time since last request: 3.241482 seconds.
  path: Assets/Sound/AudioMixer.mixer
  artifactKey: Guid(e9da06b1b5448ef43a734966ea7eb3b3) Importer(815301076,1909f56bfc062723c751e8b465ee728b)
Start importing Assets/Sound/AudioMixer.mixer using Guid(e9da06b1b5448ef43a734966ea7eb3b3) Importer(815301076,1909f56bfc062723c751e8b465ee728b)  -> (artifact id: '4461e69f3259fc81cde760a811aad38d') in 0.002424 seconds
  Import took 0.006564 seconds .

========================================================================
Received Prepare
Registering precompiled user dll's ...
Registered in 0.008721 seconds.
Begin MonoManager ReloadAssembly
Native extension for WindowsStandalone target not found
Refreshing native plugins compatible for Editor in 1.84 ms, found 2 plugins.
Preloading 0 native plugins for Editor in 0.00 ms.
Invoked RoslynAnalysisRunner static constructor.
RoslynAnalysisRunner will not be running.
RoslynAnalysisRunner has terminated.
Mono: successfully reloaded assembly
- Completed reload, in  0.935 seconds
Platform modules already initialized, skipping
Refreshing native plugins compatible for Editor in 0.70 ms, found 2 plugins.
Preloading 0 native plugins for Editor in 0.00 ms.
Unloading 1804 Unused Serialized files (Serialized files now loaded: 0)
System memory in use before: 89.9 MB.
System memory in use after: 89.9 MB.

Unloading 28 unused Assets to reduce memory usage. Loaded Objects now: 2381.
Total: 2.274000 ms (FindLiveObjects: 0.303600 ms CreateObjectMapping: 0.111200 ms MarkObjects: 1.759600 ms  DeleteObjects: 0.098500 ms)

========================================================================
Received Prepare
Registering precompiled user dll's ...
Registered in 0.008036 seconds.
Begin MonoManager ReloadAssembly
Native extension for WindowsStandalone target not found
Refreshing native plugins compatible for Editor in 0.44 ms, found 2 plugins.
Preloading 0 native plugins for Editor in 0.00 ms.
Invoked RoslynAnalysisRunner static constructor.
RoslynAnalysisRunner will not be running.
RoslynAnalysisRunner has terminated.
Mono: successfully reloaded assembly
- Completed reload, in  0.960 seconds
Platform modules already initialized, skipping
Refreshing native plugins compatible for Editor in 0.67 ms, found 2 plugins.
Preloading 0 native plugins for Editor in 0.00 ms.
Unloading 1804 Unused Serialized files (Serialized files now loaded: 0)
System memory in use before: 90.0 MB.
System memory in use after: 90.0 MB.

Unloading 28 unused Assets to reduce memory usage. Loaded Objects now: 2384.
Total: 2.250600 ms (FindLiveObjects: 0.173800 ms CreateObjectMapping: 0.068200 ms MarkObjects: 1.895100 ms  DeleteObjects: 0.097000 ms)

========================================================================
Received Import Request.
  Time since last request: 2037.776453 seconds.
  path: Assets/Script/Bullet.cs
  artifactKey: Guid(152f210338a71184d8301effc618b72f) Importer(815301076,1909f56bfc062723c751e8b465ee728b)
Start importing Assets/Script/Bullet.cs using Guid(152f210338a71184d8301effc618b72f) Importer(815301076,1909f56bfc062723c751e8b465ee728b)  -> (artifact id: 'ae8f52489d943d7e656377ed1ba264ad') in 0.021697 seconds
  Import took 0.030688 seconds .

========================================================================
Received Prepare
Registering precompiled user dll's ...
Registered in 0.007465 seconds.
Begin MonoManager ReloadAssembly
Native extension for WindowsStandalone target not found
Refreshing native plugins compatible for Editor in 0.45 ms, found 2 plugins.
Preloading 0 native plugins for Editor in 0.00 ms.
Invoked RoslynAnalysisRunner static constructor.
RoslynAnalysisRunner will not be running.
RoslynAnalysisRunner has terminated.
Mono: successfully reloaded assembly
- Completed reload, in  1.160 seconds
Platform modules already initialized, skipping
Refreshing native plugins compatible for Editor in 1.16 ms, found 2 plugins.
Preloading 0 native plugins for Editor in 0.00 ms.
Unloading 1805 Unused Serialized files (Serialized files now loaded: 0)
System memory in use before: 90.1 MB.
System memory in use after: 90.1 MB.

Unloading 28 unused Assets to reduce memory usage. Loaded Objects now: 2388.
Total: 5.408500 ms (FindLiveObjects: 0.335700 ms CreateObjectMapping: 0.166000 ms MarkObjects: 4.497200 ms  DeleteObjects: 0.404900 ms)

========================================================================
Received Import Request.
  Time since last request: 264.981019 seconds.
  path: Assets/Script/Bullet.cs
  artifactKey: Guid(152f210338a71184d8301effc618b72f) Importer(815301076,1909f56bfc062723c751e8b465ee728b)
Start importing Assets/Script/Bullet.cs using Guid(152f210338a71184d8301effc618b72f) Importer(815301076,1909f56bfc062723c751e8b465ee728b)  -> (artifact id: '5cea3f0bda2e1d09038d545484686951') in 0.012278 seconds
  Import took 0.019143 seconds .

========================================================================
Received Import Request.
  Time since last request: 57.894626 seconds.
  path: Assets/Prefab/BulletScript.prefab
  artifactKey: Guid(1819bf90da7e6634e8fb652d6fa1ad04) Importer(815301076,1909f56bfc062723c751e8b465ee728b)
Start importing Assets/Prefab/BulletScript.prefab using Guid(1819bf90da7e6634e8fb652d6fa1ad04) Importer(815301076,1909f56bfc062723c751e8b465ee728b)  -> (artifact id: '761e847dcd35ac9ebb7d05cde1edfad7') in 0.090462 seconds
  Import took 0.096263 seconds .

========================================================================
Received Prepare
Registering precompiled user dll's ...
Registered in 0.012388 seconds.
Begin MonoManager ReloadAssembly
Native extension for WindowsStandalone target not found
Refreshing native plugins compatible for Editor in 0.99 ms, found 2 plugins.
Preloading 0 native plugins for Editor in 0.00 ms.
Invoked RoslynAnalysisRunner static constructor.
RoslynAnalysisRunner will not be running.
RoslynAnalysisRunner has terminated.
Mono: successfully reloaded assembly
- Completed reload, in  0.920 seconds
Platform modules already initialized, skipping
Refreshing native plugins compatible for Editor in 0.45 ms, found 2 plugins.
Preloading 0 native plugins for Editor in 0.00 ms.
Unloading 1805 Unused Serialized files (Serialized files now loaded: 0)
System memory in use before: 90.2 MB.
System memory in use after: 90.2 MB.

Unloading 28 unused Assets to reduce memory usage. Loaded Objects now: 2392.
Total: 2.467100 ms (FindLiveObjects: 0.356400 ms CreateObjectMapping: 0.106100 ms MarkObjects: 1.840700 ms  DeleteObjects: 0.163000 ms)

========================================================================
Received Prepare
Registering precompiled user dll's ...
Registered in 0.008039 seconds.
Begin MonoManager ReloadAssembly
Native extension for WindowsStandalone target not found
Refreshing native plugins compatible for Editor in 0.85 ms, found 2 plugins.
Preloading 0 native plugins for Editor in 0.00 ms.
Invoked RoslynAnalysisRunner static constructor.
RoslynAnalysisRunner will not be running.
RoslynAnalysisRunner has terminated.
Mono: successfully reloaded assembly
- Completed reload, in  1.038 seconds
Platform modules already initialized, skipping
Refreshing native plugins compatible for Editor in 0.61 ms, found 2 plugins.
Preloading 0 native plugins for Editor in 0.00 ms.
Unloading 1805 Unused Serialized files (Serialized files now loaded: 0)
System memory in use before: 90.3 MB.
System memory in use after: 90.3 MB.

Unloading 28 unused Assets to reduce memory usage. Loaded Objects now: 2395.
Total: 5.406600 ms (FindLiveObjects: 0.511700 ms CreateObjectMapping: 0.165200 ms MarkObjects: 4.480400 ms  DeleteObjects: 0.247100 ms)

========================================================================
Received Import Request.
  Time since last request: 186.871985 seconds.
  path: Assets/Sound/AudioMixer.mixer
  artifactKey: Guid(e9da06b1b5448ef43a734966ea7eb3b3) Importer(815301076,1909f56bfc062723c751e8b465ee728b)
Start importing Assets/Sound/AudioMixer.mixer using Guid(e9da06b1b5448ef43a734966ea7eb3b3) Importer(815301076,1909f56bfc062723c751e8b465ee728b)  -> (artifact id: '44b889608741f6358a964c500e5af3c4') in 0.013580 seconds
  Import took 0.017408 seconds .

========================================================================
Received Import Request.
  Time since last request: 0.051801 seconds.
  path: Assets/Sound/AudioMixer.mixer
  artifactKey: Guid(e9da06b1b5448ef43a734966ea7eb3b3) Importer(815301076,1909f56bfc062723c751e8b465ee728b)
Start importing Assets/Sound/AudioMixer.mixer using Guid(e9da06b1b5448ef43a734966ea7eb3b3) Importer(815301076,1909f56bfc062723c751e8b465ee728b)  -> (artifact id: '44b889608741f6358a964c500e5af3c4') in 0.004093 seconds
  Import took 0.008202 seconds .

========================================================================
Received Prepare
Registering precompiled user dll's ...
Registered in 0.013850 seconds.
Begin MonoManager ReloadAssembly
Native extension for WindowsStandalone target not found
Refreshing native plugins compatible for Editor in 0.42 ms, found 2 plugins.
Preloading 0 native plugins for Editor in 0.00 ms.
Invoked RoslynAnalysisRunner static constructor.
RoslynAnalysisRunner will not be running.
RoslynAnalysisRunner has terminated.
Mono: successfully reloaded assembly
- Completed reload, in  1.003 seconds
Platform modules already initialized, skipping
Refreshing native plugins compatible for Editor in 0.46 ms, found 2 plugins.
Preloading 0 native plugins for Editor in 0.00 ms.
Unloading 1805 Unused Serialized files (Serialized files now loaded: 0)
System memory in use before: 90.4 MB.
System memory in use after: 90.4 MB.

Unloading 28 unused Assets to reduce memory usage. Loaded Objects now: 2398.
Total: 3.658600 ms (FindLiveObjects: 0.481600 ms CreateObjectMapping: 0.172300 ms MarkObjects: 2.768400 ms  DeleteObjects: 0.234900 ms)

AssetImportWorkerClient::OnTransportError - code=2 error=End of file
