Using pre-set license
Built from '2020.2/release' branch; Version is '2020.2.2f1 (068178b99f32) revision 426360'; Using compiler version '192528614'; Build Type 'Release'
OS: 'Windows 10 Home; OS build 19042.985; Version 2009; 64bit' Language: 'ko' Physical Memory: 16233 MB
BatchMode: 1, IsHumanControllingUs: 0, StartBugReporterOnCrash: 0, Is64bit: 1, IsPro: 0

 COMMAND LINE ARGUMENTS:
C:\Program Files\Unity\Hub\Editor\2020.2.2f1\Editor\Unity.exe
-adb2
-batchMode
-noUpm
-name
AssetImportWorker0
-projectPath
C:/Users/m1209/Documents/classgit-jeong-in103/2DProject
-logFile
Logs/AssetImportWorker0.log
-srvPort
59435
Successfully changed project path to: C:/Users/m1209/Documents/classgit-jeong-in103/2DProject
C:/Users/m1209/Documents/classgit-jeong-in103/2DProject
Using Asset Import Pipeline V2.
Refreshing native plugins compatible for Editor in 41.35 ms, found 1 plugins.
Preloading 0 native plugins for Editor in 0.00 ms.
Initialize engine version: 2020.2.2f1 (068178b99f32)
[Subsystems] Discovering subsystems at path C:/Program Files/Unity/Hub/Editor/2020.2.2f1/Editor/Data/Resources/UnitySubsystems
[Subsystems] Discovering subsystems at path C:/Users/m1209/Documents/classgit-jeong-in103/2DProject/Assets
GfxDevice: creating device client; threaded=0
Direct3D:
    Version:  Direct3D 11.0 [level 11.1]
    Renderer: NVIDIA GeForce GTX 1660 Ti (ID=0x2191)
    Vendor:   
    VRAM:     5991 MB
    Driver:   27.21.14.5763
Initialize mono
Mono path[0] = 'C:/Program Files/Unity/Hub/Editor/2020.2.2f1/Editor/Data/Managed'
Mono path[1] = 'C:/Program Files/Unity/Hub/Editor/2020.2.2f1/Editor/Data/MonoBleedingEdge/lib/mono/unityjit'
Mono config path = 'C:/Program Files/Unity/Hub/Editor/2020.2.2f1/Editor/Data/MonoBleedingEdge/etc'
Using monoOptions --debugger-agent=transport=dt_socket,embedding=1,server=y,suspend=n,address=127.0.0.1:56276
Begin MonoManager ReloadAssembly
Registering precompiled unity dll's ...
Register platform support module: C:/Program Files/Unity/Hub/Editor/2020.2.2f1/Editor/Data/PlaybackEngines/WindowsStandaloneSupport/UnityEditor.WindowsStandalone.Extensions.dll
Registered in 0.002377 seconds.
Native extension for WindowsStandalone target not found
Refreshing native plugins compatible for Editor in 36.97 ms, found 1 plugins.
Preloading 0 native plugins for Editor in 0.00 ms.
Invoked RoslynAnalysisRunner static constructor.
RoslynAnalysisRunner will not be running.
RoslynAnalysisRunner has terminated.
Mono: successfully reloaded assembly
- Completed reload, in  2.364 seconds
Platform modules already initialized, skipping
Registering precompiled user dll's ...
Registered in 0.001182 seconds.
Begin MonoManager ReloadAssembly
Native extension for WindowsStandalone target not found
Refreshing native plugins compatible for Editor in 39.08 ms, found 1 plugins.
Preloading 0 native plugins for Editor in 0.00 ms.
Invoked RoslynAnalysisRunner static constructor.
RoslynAnalysisRunner will not be running.
RoslynAnalysisRunner has terminated.
Mono: successfully reloaded assembly
- Completed reload, in  1.058 seconds
Platform modules already initialized, skipping
========================================================================
Worker process is ready to serve import requests
Launched and connected shader compiler UnityShaderCompiler.exe after 0.07 seconds
Refreshing native plugins compatible for Editor in 0.38 ms, found 1 plugins.
Preloading 0 native plugins for Editor in 0.00 ms.
Unloading 1794 Unused Serialized files (Serialized files now loaded: 0)
System memory in use before: 84.4 MB.
System memory in use after: 84.3 MB.

Unloading 24 unused Assets to reduce memory usage. Loaded Objects now: 2237.
Total: 2.820100 ms (FindLiveObjects: 0.191700 ms CreateObjectMapping: 0.068700 ms MarkObjects: 2.373000 ms  DeleteObjects: 0.185700 ms)

========================================================================
Received Import Request.
  path: Assets/Sprite/빵탈출0525/데미지오브젝트(수정)/별사탕(임시,,)/thorn.png
  artifactKey: Guid(6c49eade46e986f46a61898e99156ef9) Importer(815301076,1909f56bfc062723c751e8b465ee728b)
Start importing Assets/Sprite/빵탈출0525/데미지오브젝트(수정)/별사탕(임시,,)/thorn.png using Guid(6c49eade46e986f46a61898e99156ef9) Importer(815301076,1909f56bfc062723c751e8b465ee728b)  -> (artifact id: '7176758f55d7edeca2b31303abbea3ee') in 0.100871 seconds
  Import took 0.104418 seconds .

========================================================================
Received Import Request.
  Time since last request: 0.000279 seconds.
  path: Assets/Sprite/빵탈출0525/데미지오브젝트(수정)/별사탕(임시,,)/thorn01.png
  artifactKey: Guid(bae918ba13082e74d9f0e7bf418b1192) Importer(815301076,1909f56bfc062723c751e8b465ee728b)
Start importing Assets/Sprite/빵탈출0525/데미지오브젝트(수정)/별사탕(임시,,)/thorn01.png using Guid(bae918ba13082e74d9f0e7bf418b1192) Importer(815301076,1909f56bfc062723c751e8b465ee728b)  -> (artifact id: '37cc87a5804d8310362bc6daf6b7c27c') in 0.015323 seconds
  Import took 0.018736 seconds .

========================================================================
Received Import Request.
  Time since last request: 32.671557 seconds.
  path: Assets/Sprite/빵탈출0525/데미지오브젝트(수정)/별사탕(임시,,)/thorn01.png
  artifactKey: Guid(bae918ba13082e74d9f0e7bf418b1192) Importer(815301076,1909f56bfc062723c751e8b465ee728b)
Start importing Assets/Sprite/빵탈출0525/데미지오브젝트(수정)/별사탕(임시,,)/thorn01.png using Guid(bae918ba13082e74d9f0e7bf418b1192) Importer(815301076,1909f56bfc062723c751e8b465ee728b)  -> (artifact id: '74b438bf6c075e790307399c90c8158c') in 0.013829 seconds
  Import took 0.017483 seconds .

========================================================================
Received Import Request.
  Time since last request: 0.056809 seconds.
  path: Assets/Sprite/빵탈출0525/데미지오브젝트(수정)/별사탕(임시,,)/thorn.png
  artifactKey: Guid(6c49eade46e986f46a61898e99156ef9) Importer(815301076,1909f56bfc062723c751e8b465ee728b)
Start importing Assets/Sprite/빵탈출0525/데미지오브젝트(수정)/별사탕(임시,,)/thorn.png using Guid(6c49eade46e986f46a61898e99156ef9) Importer(815301076,1909f56bfc062723c751e8b465ee728b)  -> (artifact id: '567122ebdf98c6b1621052b73e2dadfc') in 0.011653 seconds
  Import took 0.015213 seconds .

========================================================================
Received Prepare
Registering precompiled user dll's ...
Registered in 0.000940 seconds.
Begin MonoManager ReloadAssembly
Native extension for WindowsStandalone target not found
Refreshing native plugins compatible for Editor in 0.47 ms, found 1 plugins.
Preloading 0 native plugins for Editor in 0.00 ms.
Invoked RoslynAnalysisRunner static constructor.
RoslynAnalysisRunner will not be running.
RoslynAnalysisRunner has terminated.
Mono: successfully reloaded assembly
- Completed reload, in  0.917 seconds
Platform modules already initialized, skipping
Refreshing native plugins compatible for Editor in 0.35 ms, found 1 plugins.
Preloading 0 native plugins for Editor in 0.00 ms.
Unloading 1789 Unused Serialized files (Serialized files now loaded: 0)
System memory in use before: 87.5 MB.
System memory in use after: 87.5 MB.

Unloading 12 unused Assets to reduce memory usage. Loaded Objects now: 2248.
Total: 4.161800 ms (FindLiveObjects: 0.722200 ms CreateObjectMapping: 0.295700 ms MarkObjects: 2.989500 ms  DeleteObjects: 0.152200 ms)

========================================================================
Received Prepare
Registering precompiled user dll's ...
Registered in 0.001162 seconds.
Begin MonoManager ReloadAssembly
Native extension for WindowsStandalone target not found
Refreshing native plugins compatible for Editor in 0.31 ms, found 1 plugins.
Preloading 0 native plugins for Editor in 0.00 ms.
Invoked RoslynAnalysisRunner static constructor.
RoslynAnalysisRunner will not be running.
RoslynAnalysisRunner has terminated.
Mono: successfully reloaded assembly
- Completed reload, in  0.949 seconds
Platform modules already initialized, skipping
Refreshing native plugins compatible for Editor in 0.34 ms, found 1 plugins.
Preloading 0 native plugins for Editor in 0.00 ms.
Unloading 1789 Unused Serialized files (Serialized files now loaded: 0)
System memory in use before: 87.6 MB.
System memory in use after: 87.6 MB.

Unloading 12 unused Assets to reduce memory usage. Loaded Objects now: 2251.
Total: 3.024300 ms (FindLiveObjects: 0.424700 ms CreateObjectMapping: 0.138600 ms MarkObjects: 2.301800 ms  DeleteObjects: 0.157800 ms)

========================================================================
Received Prepare
Registering precompiled user dll's ...
Registered in 0.000882 seconds.
Begin MonoManager ReloadAssembly
Native extension for WindowsStandalone target not found
Refreshing native plugins compatible for Editor in 0.32 ms, found 1 plugins.
Preloading 0 native plugins for Editor in 0.00 ms.
Invoked RoslynAnalysisRunner static constructor.
RoslynAnalysisRunner will not be running.
RoslynAnalysisRunner has terminated.
Mono: successfully reloaded assembly
- Completed reload, in  0.884 seconds
Platform modules already initialized, skipping
Refreshing native plugins compatible for Editor in 0.33 ms, found 1 plugins.
Preloading 0 native plugins for Editor in 0.00 ms.
Unloading 1789 Unused Serialized files (Serialized files now loaded: 0)
System memory in use before: 87.7 MB.
System memory in use after: 87.7 MB.

Unloading 12 unused Assets to reduce memory usage. Loaded Objects now: 2254.
Total: 2.061600 ms (FindLiveObjects: 0.283100 ms CreateObjectMapping: 0.064000 ms MarkObjects: 1.614700 ms  DeleteObjects: 0.099100 ms)

========================================================================
Received Prepare
Registering precompiled user dll's ...
Registered in 0.001327 seconds.
Begin MonoManager ReloadAssembly
Native extension for WindowsStandalone target not found
Refreshing native plugins compatible for Editor in 0.33 ms, found 1 plugins.
Preloading 0 native plugins for Editor in 0.00 ms.
Invoked RoslynAnalysisRunner static constructor.
RoslynAnalysisRunner will not be running.
RoslynAnalysisRunner has terminated.
Mono: successfully reloaded assembly
- Completed reload, in  0.844 seconds
Platform modules already initialized, skipping
Refreshing native plugins compatible for Editor in 0.43 ms, found 1 plugins.
Preloading 0 native plugins for Editor in 0.00 ms.
Unloading 1789 Unused Serialized files (Serialized files now loaded: 0)
System memory in use before: 87.8 MB.
System memory in use after: 87.8 MB.

Unloading 12 unused Assets to reduce memory usage. Loaded Objects now: 2257.
Total: 1.881400 ms (FindLiveObjects: 0.160600 ms CreateObjectMapping: 0.063400 ms MarkObjects: 1.517700 ms  DeleteObjects: 0.138900 ms)

========================================================================
Received Prepare
Registering precompiled user dll's ...
Registered in 0.000982 seconds.
Begin MonoManager ReloadAssembly
Native extension for WindowsStandalone target not found
Refreshing native plugins compatible for Editor in 0.33 ms, found 1 plugins.
Preloading 0 native plugins for Editor in 0.00 ms.
Invoked RoslynAnalysisRunner static constructor.
RoslynAnalysisRunner will not be running.
RoslynAnalysisRunner has terminated.
Mono: successfully reloaded assembly
- Completed reload, in  0.869 seconds
Platform modules already initialized, skipping
Refreshing native plugins compatible for Editor in 0.42 ms, found 1 plugins.
Preloading 0 native plugins for Editor in 0.00 ms.
Unloading 1789 Unused Serialized files (Serialized files now loaded: 0)
System memory in use before: 87.9 MB.
System memory in use after: 87.9 MB.

Unloading 12 unused Assets to reduce memory usage. Loaded Objects now: 2260.
Total: 1.993200 ms (FindLiveObjects: 0.203800 ms CreateObjectMapping: 0.055700 ms MarkObjects: 1.639000 ms  DeleteObjects: 0.093400 ms)

========================================================================
Received Prepare
Registering precompiled user dll's ...
Registered in 0.000912 seconds.
Begin MonoManager ReloadAssembly
Native extension for WindowsStandalone target not found
Refreshing native plugins compatible for Editor in 0.30 ms, found 1 plugins.
Preloading 0 native plugins for Editor in 0.00 ms.
Invoked RoslynAnalysisRunner static constructor.
RoslynAnalysisRunner will not be running.
RoslynAnalysisRunner has terminated.
Mono: successfully reloaded assembly
- Completed reload, in  0.895 seconds
Platform modules already initialized, skipping
Refreshing native plugins compatible for Editor in 0.33 ms, found 1 plugins.
Preloading 0 native plugins for Editor in 0.00 ms.
Unloading 1789 Unused Serialized files (Serialized files now loaded: 0)
System memory in use before: 88.0 MB.
System memory in use after: 88.0 MB.

Unloading 12 unused Assets to reduce memory usage. Loaded Objects now: 2263.
Total: 2.615200 ms (FindLiveObjects: 0.212400 ms CreateObjectMapping: 0.090400 ms MarkObjects: 2.140500 ms  DeleteObjects: 0.171000 ms)

========================================================================
Received Prepare
Registering precompiled user dll's ...
Registered in 0.000984 seconds.
Begin MonoManager ReloadAssembly
Native extension for WindowsStandalone target not found
Refreshing native plugins compatible for Editor in 0.36 ms, found 1 plugins.
Preloading 0 native plugins for Editor in 0.00 ms.
Invoked RoslynAnalysisRunner static constructor.
RoslynAnalysisRunner will not be running.
RoslynAnalysisRunner has terminated.
Mono: successfully reloaded assembly
- Completed reload, in  1.009 seconds
Platform modules already initialized, skipping
Refreshing native plugins compatible for Editor in 0.31 ms, found 1 plugins.
Preloading 0 native plugins for Editor in 0.00 ms.
Unloading 1789 Unused Serialized files (Serialized files now loaded: 0)
System memory in use before: 88.1 MB.
System memory in use after: 88.1 MB.

Unloading 12 unused Assets to reduce memory usage. Loaded Objects now: 2266.
Total: 2.511900 ms (FindLiveObjects: 0.200700 ms CreateObjectMapping: 0.059200 ms MarkObjects: 2.109000 ms  DeleteObjects: 0.142000 ms)

AssetImportWorkerClient::OnTransportError - code=2 error=End of file
